INFO  @ Wed, 18 Aug 2021 16:29:52: Parameters: /Users/llopezz/anaconda3/envs/mageck/bin/mageck test -k input_mageck_krab.txt -t K_33 -c Maxi_0 -n krab 
INFO  @ Wed, 18 Aug 2021 16:29:52: Welcome to MAGeCK v0.5.9.2. Command: test 
INFO  @ Wed, 18 Aug 2021 16:29:52: Loading count table from input_mageck_krab.txt  
INFO  @ Wed, 18 Aug 2021 16:29:52: Processing 1 lines.. 
DEBUG @ Wed, 18 Aug 2021 16:29:52: Parsing error in line 1 (usually the header line). Skip this line. 
INFO  @ Wed, 18 Aug 2021 16:29:52: Loaded 45722 records. 
INFO  @ Wed, 18 Aug 2021 16:29:52: Loading R template file: /Users/llopezz/anaconda3/envs/mageck/lib/python3.7/site-packages/mageck/plot_template.RTemplate. 
INFO  @ Wed, 18 Aug 2021 16:29:52: Loading R template file: /Users/llopezz/anaconda3/envs/mageck/lib/python3.7/site-packages/mageck/plot_template_indvgene.RTemplate. 
INFO  @ Wed, 18 Aug 2021 16:29:52: Loading Rnw template file: /Users/llopezz/anaconda3/envs/mageck/lib/python3.7/site-packages/mageck/plot_template.Rnw. 
DEBUG @ Wed, 18 Aug 2021 16:29:52: Setting up the visualization module... 
DEBUG @ Wed, 18 Aug 2021 16:29:52: Given sample labels: K_33 
DEBUG @ Wed, 18 Aug 2021 16:29:52: Converted index: 1 
INFO  @ Wed, 18 Aug 2021 16:29:52: Treatment samples:K_33 
INFO  @ Wed, 18 Aug 2021 16:29:52: Treatment sample index:1 
DEBUG @ Wed, 18 Aug 2021 16:29:52: Given sample labels: Maxi_0 
DEBUG @ Wed, 18 Aug 2021 16:29:52: Converted index: 0 
INFO  @ Wed, 18 Aug 2021 16:29:52: Control samples:Maxi_0 
INFO  @ Wed, 18 Aug 2021 16:29:52: Control sample index:0 
DEBUG @ Wed, 18 Aug 2021 16:29:52: Initial (total) size factor: 0.8297141117837082 1.2582326356840907 
DEBUG @ Wed, 18 Aug 2021 16:29:53: Median factor: 0.7934705969569982 1.278585326665518 
INFO  @ Wed, 18 Aug 2021 16:29:53: Final size factor: 0.7934705969569982 1.278585326665518 
INFO  @ Wed, 18 Aug 2021 16:29:53: Detecting outliers from variance estimation.. Avg read count:[146.13153422719392], Var: [2440.755719375629] 
INFO  @ Wed, 18 Aug 2021 16:29:53: Skipping 158 sgRNAs from variance calculation because of their extreme high counts (> 4* STD (mean counts) ). 
DEBUG @ Wed, 18 Aug 2021 16:29:53: Adjusted model: 2.140385219122194	0 
INFO  @ Wed, 18 Aug 2021 16:29:54: Before RRA, 2 sgRNAs are removed with zero counts in both group(s). 
INFO  @ Wed, 18 Aug 2021 16:29:54: Use qnorm to reversely calculate sgRNA scores ... 
DEBUG @ Wed, 18 Aug 2021 16:29:55: lower test FDR cutoff: 0.2521872265966754 
DEBUG @ Wed, 18 Aug 2021 16:29:55: higher test FDR cutoff: 0.017454068241469816 
INFO  @ Wed, 18 Aug 2021 16:29:55: Running command: RRA -i krab.plow.txt -o krab.gene.low.txt -p 0.2521872265966754 --skip-gene NA --skip-gene na  
INFO  @ Wed, 18 Aug 2021 16:30:05: Command message: 
INFO  @ Wed, 18 Aug 2021 16:30:05:   Welcome to RRA v 0.5.9. 
INFO  @ Wed, 18 Aug 2021 16:30:05:   Skipping gene NA for permutation ... 
INFO  @ Wed, 18 Aug 2021 16:30:05:   Skipping gene na for permutation ... 
INFO  @ Wed, 18 Aug 2021 16:30:05:   Reading input file... 
INFO  @ Wed, 18 Aug 2021 16:30:05:   Summary: 45720 sgRNAs, 944 genes, 1 lists; skipped sgRNAs:0 
INFO  @ Wed, 18 Aug 2021 16:30:05:   Computing lo-values for each group... 
INFO  @ Wed, 18 Aug 2021 16:30:05:   Computing false discovery rate... 
INFO  @ Wed, 18 Aug 2021 16:30:05:   Increase the number of permutations to 106 to get precise p values. To avoid this, use the --permutation option. 
INFO  @ Wed, 18 Aug 2021 16:30:05:   Permuting genes with 1 sgRNAs... 
INFO  @ Wed, 18 Aug 2021 16:30:05:   Permuting genes with 2 sgRNAs... 
INFO  @ Wed, 18 Aug 2021 16:30:05:   Permuting genes with 3 sgRNAs... 
INFO  @ Wed, 18 Aug 2021 16:30:05:   Permuting genes with 4 sgRNAs... 
INFO  @ Wed, 18 Aug 2021 16:30:05:   Permuting genes with 5 sgRNAs... 
INFO  @ Wed, 18 Aug 2021 16:30:05:   Permuting genes with 6 sgRNAs... 
INFO  @ Wed, 18 Aug 2021 16:30:05:   Permuting genes with 7 sgRNAs... 
INFO  @ Wed, 18 Aug 2021 16:30:05:   Permuting genes with 8 sgRNAs... 
INFO  @ Wed, 18 Aug 2021 16:30:05:   Permuting genes with 9 sgRNAs... 
INFO  @ Wed, 18 Aug 2021 16:30:05:   Permuting genes with 10 sgRNAs... 
INFO  @ Wed, 18 Aug 2021 16:30:05:   Permuting genes with 11 sgRNAs... 
INFO  @ Wed, 18 Aug 2021 16:30:05:   Permuting genes with 12 sgRNAs... 
INFO  @ Wed, 18 Aug 2021 16:30:05:   Permuting genes with 13 sgRNAs... 
INFO  @ Wed, 18 Aug 2021 16:30:05:   Permuting genes with 14 sgRNAs... 
INFO  @ Wed, 18 Aug 2021 16:30:05:   Permuting genes with 15 sgRNAs... 
INFO  @ Wed, 18 Aug 2021 16:30:05:   Permuting genes with 16 sgRNAs... 
INFO  @ Wed, 18 Aug 2021 16:30:05:   Permuting genes with 17 sgRNAs... 
INFO  @ Wed, 18 Aug 2021 16:30:05:   Permuting genes with 18 sgRNAs... 
INFO  @ Wed, 18 Aug 2021 16:30:05:   Permuting genes with 19 sgRNAs... 
INFO  @ Wed, 18 Aug 2021 16:30:05:   Permuting genes with 20 sgRNAs... 
INFO  @ Wed, 18 Aug 2021 16:30:05:   Permuting genes with 21 sgRNAs... 
INFO  @ Wed, 18 Aug 2021 16:30:05:   Permuting genes with 22 sgRNAs... 
INFO  @ Wed, 18 Aug 2021 16:30:05:   Permuting genes with 23 sgRNAs... 
INFO  @ Wed, 18 Aug 2021 16:30:05:   Permuting genes with 24 sgRNAs... 
INFO  @ Wed, 18 Aug 2021 16:30:05:   Permuting genes with 25 sgRNAs... 
INFO  @ Wed, 18 Aug 2021 16:30:05:   Permuting genes with 26 sgRNAs... 
INFO  @ Wed, 18 Aug 2021 16:30:05:   Permuting genes with 27 sgRNAs... 
INFO  @ Wed, 18 Aug 2021 16:30:05:   Permuting genes with 28 sgRNAs... 
INFO  @ Wed, 18 Aug 2021 16:30:05:   Permuting genes with 29 sgRNAs... 
INFO  @ Wed, 18 Aug 2021 16:30:05:   Permuting genes with 30 sgRNAs... 
INFO  @ Wed, 18 Aug 2021 16:30:05:   Permuting genes with 33 sgRNAs... 
INFO  @ Wed, 18 Aug 2021 16:30:05:   Permuting genes with 34 sgRNAs... 
INFO  @ Wed, 18 Aug 2021 16:30:05:   Permuting genes with 36 sgRNAs... 
INFO  @ Wed, 18 Aug 2021 16:30:05:   Permuting genes with 38 sgRNAs... 
INFO  @ Wed, 18 Aug 2021 16:30:05:   Permuting genes with 39 sgRNAs... 
INFO  @ Wed, 18 Aug 2021 16:30:05:   Permuting genes with 40 sgRNAs... 
INFO  @ Wed, 18 Aug 2021 16:30:05:   Permuting genes with 42 sgRNAs... 
INFO  @ Wed, 18 Aug 2021 16:30:05:   Permuting genes with 47 sgRNAs... 
INFO  @ Wed, 18 Aug 2021 16:30:05:   Permuting genes with 49 sgRNAs... 
INFO  @ Wed, 18 Aug 2021 16:30:05:   Permuting genes with 51 sgRNAs... 
INFO  @ Wed, 18 Aug 2021 16:30:05:   Permuting genes with 53 sgRNAs... 
INFO  @ Wed, 18 Aug 2021 16:30:05:   Permuting genes with 69 sgRNAs... 
INFO  @ Wed, 18 Aug 2021 16:30:05:   Permuting genes with 79 sgRNAs... 
INFO  @ Wed, 18 Aug 2021 16:30:05:   Permuting genes with 84 sgRNAs... 
INFO  @ Wed, 18 Aug 2021 16:30:05:   Number of genes under FDR adjustment: 944 
INFO  @ Wed, 18 Aug 2021 16:30:05:   Saving to output file... 
INFO  @ Wed, 18 Aug 2021 16:30:05:   RRA completed. 
INFO  @ Wed, 18 Aug 2021 16:30:05:    
INFO  @ Wed, 18 Aug 2021 16:30:05: End command message. 
INFO  @ Wed, 18 Aug 2021 16:30:05: Running command: RRA -i krab.phigh.txt -o krab.gene.high.txt -p 0.017454068241469816 --skip-gene NA --skip-gene na  
INFO  @ Wed, 18 Aug 2021 16:30:10: Command message: 
INFO  @ Wed, 18 Aug 2021 16:30:10:   Welcome to RRA v 0.5.9. 
INFO  @ Wed, 18 Aug 2021 16:30:10:   Skipping gene NA for permutation ... 
INFO  @ Wed, 18 Aug 2021 16:30:10:   Skipping gene na for permutation ... 
INFO  @ Wed, 18 Aug 2021 16:30:10:   Reading input file... 
INFO  @ Wed, 18 Aug 2021 16:30:10:   Summary: 45720 sgRNAs, 944 genes, 1 lists; skipped sgRNAs:0 
INFO  @ Wed, 18 Aug 2021 16:30:10:   Computing lo-values for each group... 
INFO  @ Wed, 18 Aug 2021 16:30:10:   Computing false discovery rate... 
INFO  @ Wed, 18 Aug 2021 16:30:10:   Increase the number of permutations to 106 to get precise p values. To avoid this, use the --permutation option. 
INFO  @ Wed, 18 Aug 2021 16:30:10:   Permuting genes with 1 sgRNAs... 
INFO  @ Wed, 18 Aug 2021 16:30:10:   Permuting genes with 2 sgRNAs... 
INFO  @ Wed, 18 Aug 2021 16:30:10:   Permuting genes with 3 sgRNAs... 
INFO  @ Wed, 18 Aug 2021 16:30:10:   Permuting genes with 4 sgRNAs... 
INFO  @ Wed, 18 Aug 2021 16:30:10:   Permuting genes with 5 sgRNAs... 
INFO  @ Wed, 18 Aug 2021 16:30:10:   Permuting genes with 6 sgRNAs... 
INFO  @ Wed, 18 Aug 2021 16:30:10:   Permuting genes with 7 sgRNAs... 
INFO  @ Wed, 18 Aug 2021 16:30:10:   Permuting genes with 8 sgRNAs... 
INFO  @ Wed, 18 Aug 2021 16:30:10:   Permuting genes with 9 sgRNAs... 
INFO  @ Wed, 18 Aug 2021 16:30:10:   Permuting genes with 10 sgRNAs... 
INFO  @ Wed, 18 Aug 2021 16:30:10:   Permuting genes with 11 sgRNAs... 
INFO  @ Wed, 18 Aug 2021 16:30:10:   Permuting genes with 12 sgRNAs... 
INFO  @ Wed, 18 Aug 2021 16:30:10:   Permuting genes with 13 sgRNAs... 
INFO  @ Wed, 18 Aug 2021 16:30:10:   Permuting genes with 14 sgRNAs... 
INFO  @ Wed, 18 Aug 2021 16:30:10:   Permuting genes with 15 sgRNAs... 
INFO  @ Wed, 18 Aug 2021 16:30:10:   Permuting genes with 16 sgRNAs... 
INFO  @ Wed, 18 Aug 2021 16:30:10:   Permuting genes with 17 sgRNAs... 
INFO  @ Wed, 18 Aug 2021 16:30:10:   Permuting genes with 18 sgRNAs... 
INFO  @ Wed, 18 Aug 2021 16:30:10:   Permuting genes with 19 sgRNAs... 
INFO  @ Wed, 18 Aug 2021 16:30:10:   Permuting genes with 20 sgRNAs... 
INFO  @ Wed, 18 Aug 2021 16:30:10:   Permuting genes with 21 sgRNAs... 
INFO  @ Wed, 18 Aug 2021 16:30:10:   Permuting genes with 22 sgRNAs... 
INFO  @ Wed, 18 Aug 2021 16:30:10:   Permuting genes with 23 sgRNAs... 
INFO  @ Wed, 18 Aug 2021 16:30:10:   Permuting genes with 24 sgRNAs... 
INFO  @ Wed, 18 Aug 2021 16:30:10:   Permuting genes with 25 sgRNAs... 
INFO  @ Wed, 18 Aug 2021 16:30:10:   Permuting genes with 26 sgRNAs... 
INFO  @ Wed, 18 Aug 2021 16:30:10:   Permuting genes with 27 sgRNAs... 
INFO  @ Wed, 18 Aug 2021 16:30:10:   Permuting genes with 28 sgRNAs... 
INFO  @ Wed, 18 Aug 2021 16:30:10:   Permuting genes with 29 sgRNAs... 
INFO  @ Wed, 18 Aug 2021 16:30:10:   Permuting genes with 30 sgRNAs... 
INFO  @ Wed, 18 Aug 2021 16:30:10:   Permuting genes with 33 sgRNAs... 
INFO  @ Wed, 18 Aug 2021 16:30:10:   Permuting genes with 34 sgRNAs... 
INFO  @ Wed, 18 Aug 2021 16:30:10:   Permuting genes with 36 sgRNAs... 
INFO  @ Wed, 18 Aug 2021 16:30:10:   Permuting genes with 38 sgRNAs... 
INFO  @ Wed, 18 Aug 2021 16:30:10:   Permuting genes with 39 sgRNAs... 
INFO  @ Wed, 18 Aug 2021 16:30:10:   Permuting genes with 40 sgRNAs... 
INFO  @ Wed, 18 Aug 2021 16:30:10:   Permuting genes with 42 sgRNAs... 
INFO  @ Wed, 18 Aug 2021 16:30:10:   Permuting genes with 47 sgRNAs... 
INFO  @ Wed, 18 Aug 2021 16:30:10:   Permuting genes with 49 sgRNAs... 
INFO  @ Wed, 18 Aug 2021 16:30:10:   Permuting genes with 51 sgRNAs... 
INFO  @ Wed, 18 Aug 2021 16:30:10:   Permuting genes with 53 sgRNAs... 
INFO  @ Wed, 18 Aug 2021 16:30:10:   Permuting genes with 69 sgRNAs... 
INFO  @ Wed, 18 Aug 2021 16:30:10:   Permuting genes with 79 sgRNAs... 
INFO  @ Wed, 18 Aug 2021 16:30:10:   Permuting genes with 84 sgRNAs... 
INFO  @ Wed, 18 Aug 2021 16:30:10:   Number of genes under FDR adjustment: 944 
INFO  @ Wed, 18 Aug 2021 16:30:10:   Saving to output file... 
INFO  @ Wed, 18 Aug 2021 16:30:10:   RRA completed. 
INFO  @ Wed, 18 Aug 2021 16:30:10:    
INFO  @ Wed, 18 Aug 2021 16:30:10: End command message. 
DEBUG @ Wed, 18 Aug 2021 16:30:10: Sorting the merged items by negative selection... 
INFO  @ Wed, 18 Aug 2021 16:30:10: Loading top 10 genes from krab.gene.low.txt: Region_379,Region_78,Region_260,Region_797,Region_621,Region_818,Region_728,Region_386,Region_71,Region_610 
DEBUG @ Wed, 18 Aug 2021 16:30:10: Column index:3 
INFO  @ Wed, 18 Aug 2021 16:30:10: Loading top 10 genes from krab.gene.high.txt: Region_179,Region_85,Region_562,Region_387,Region_3,Region_219,Region_736,Region_32,Region_622,Region_435 
DEBUG @ Wed, 18 Aug 2021 16:30:10: Column index:9 
INFO  @ Wed, 18 Aug 2021 16:30:11: Running command: rm krab.plow.txt 
INFO  @ Wed, 18 Aug 2021 16:30:11: Running command: rm krab.phigh.txt 
INFO  @ Wed, 18 Aug 2021 16:30:11: Running command: rm krab.gene.low.txt 
INFO  @ Wed, 18 Aug 2021 16:30:11: Running command: rm krab.gene.high.txt 
