INFO  @ Wed, 18 Aug 2021 16:30:39: Parameters: /Users/llopezz/anaconda3/envs/mageck/bin/mageck test -k input_mageck_vpr.txt -t V_33 -c Maxi_0 -n vpr 
INFO  @ Wed, 18 Aug 2021 16:30:39: Welcome to MAGeCK v0.5.9.2. Command: test 
INFO  @ Wed, 18 Aug 2021 16:30:39: Loading count table from input_mageck_vpr.txt  
INFO  @ Wed, 18 Aug 2021 16:30:39: Processing 1 lines.. 
DEBUG @ Wed, 18 Aug 2021 16:30:39: Parsing error in line 1 (usually the header line). Skip this line. 
INFO  @ Wed, 18 Aug 2021 16:30:39: Loaded 45722 records. 
INFO  @ Wed, 18 Aug 2021 16:30:39: Loading R template file: /Users/llopezz/anaconda3/envs/mageck/lib/python3.7/site-packages/mageck/plot_template.RTemplate. 
INFO  @ Wed, 18 Aug 2021 16:30:39: Loading R template file: /Users/llopezz/anaconda3/envs/mageck/lib/python3.7/site-packages/mageck/plot_template_indvgene.RTemplate. 
INFO  @ Wed, 18 Aug 2021 16:30:39: Loading Rnw template file: /Users/llopezz/anaconda3/envs/mageck/lib/python3.7/site-packages/mageck/plot_template.Rnw. 
DEBUG @ Wed, 18 Aug 2021 16:30:39: Setting up the visualization module... 
DEBUG @ Wed, 18 Aug 2021 16:30:39: Given sample labels: V_33 
DEBUG @ Wed, 18 Aug 2021 16:30:39: Converted index: 1 
INFO  @ Wed, 18 Aug 2021 16:30:39: Treatment samples:V_33 
INFO  @ Wed, 18 Aug 2021 16:30:39: Treatment sample index:1 
DEBUG @ Wed, 18 Aug 2021 16:30:39: Given sample labels: Maxi_0 
DEBUG @ Wed, 18 Aug 2021 16:30:39: Converted index: 0 
INFO  @ Wed, 18 Aug 2021 16:30:39: Control samples:Maxi_0 
INFO  @ Wed, 18 Aug 2021 16:30:39: Control sample index:0 
DEBUG @ Wed, 18 Aug 2021 16:30:39: Initial (total) size factor: 0.7743739437056146 1.4111652390295257 
DEBUG @ Wed, 18 Aug 2021 16:30:39: Median factor: 0.6965080450290025 1.4607400362556793 
INFO  @ Wed, 18 Aug 2021 16:30:39: Final size factor: 0.6965080450290025 1.4607400362556793 
INFO  @ Wed, 18 Aug 2021 16:30:40: Detecting outliers from variance estimation.. Avg read count:[129.17114383455612], Var: [4045.656139556316] 
INFO  @ Wed, 18 Aug 2021 16:30:40: Skipping 239 sgRNAs from variance calculation because of their extreme high counts (> 4* STD (mean counts) ). 
DEBUG @ Wed, 18 Aug 2021 16:30:40: Adjusted model: 2.455306281873716	0 
INFO  @ Wed, 18 Aug 2021 16:30:40: Before RRA, 2 sgRNAs are removed with zero counts in both group(s). 
INFO  @ Wed, 18 Aug 2021 16:30:40: Use qnorm to reversely calculate sgRNA scores ... 
DEBUG @ Wed, 18 Aug 2021 16:30:41: lower test FDR cutoff: 0.6303149606299212 
DEBUG @ Wed, 18 Aug 2021 16:30:42: higher test FDR cutoff: 0.009142607174103238 
INFO  @ Wed, 18 Aug 2021 16:30:42: Running command: RRA -i vpr.plow.txt -o vpr.gene.low.txt -p 0.5 --skip-gene NA --skip-gene na  
INFO  @ Wed, 18 Aug 2021 16:30:56: Command message: 
INFO  @ Wed, 18 Aug 2021 16:30:56:   Welcome to RRA v 0.5.9. 
INFO  @ Wed, 18 Aug 2021 16:30:56:   Skipping gene NA for permutation ... 
INFO  @ Wed, 18 Aug 2021 16:30:56:   Skipping gene na for permutation ... 
INFO  @ Wed, 18 Aug 2021 16:30:56:   Reading input file... 
INFO  @ Wed, 18 Aug 2021 16:30:56:   Summary: 45720 sgRNAs, 944 genes, 1 lists; skipped sgRNAs:0 
INFO  @ Wed, 18 Aug 2021 16:30:56:   Computing lo-values for each group... 
INFO  @ Wed, 18 Aug 2021 16:30:56:   Computing false discovery rate... 
INFO  @ Wed, 18 Aug 2021 16:30:56:   Increase the number of permutations to 106 to get precise p values. To avoid this, use the --permutation option. 
INFO  @ Wed, 18 Aug 2021 16:30:56:   Permuting genes with 1 sgRNAs... 
INFO  @ Wed, 18 Aug 2021 16:30:56:   Permuting genes with 2 sgRNAs... 
INFO  @ Wed, 18 Aug 2021 16:30:56:   Permuting genes with 3 sgRNAs... 
INFO  @ Wed, 18 Aug 2021 16:30:56:   Permuting genes with 4 sgRNAs... 
INFO  @ Wed, 18 Aug 2021 16:30:56:   Permuting genes with 5 sgRNAs... 
INFO  @ Wed, 18 Aug 2021 16:30:56:   Permuting genes with 6 sgRNAs... 
INFO  @ Wed, 18 Aug 2021 16:30:56:   Permuting genes with 7 sgRNAs... 
INFO  @ Wed, 18 Aug 2021 16:30:56:   Permuting genes with 8 sgRNAs... 
INFO  @ Wed, 18 Aug 2021 16:30:56:   Permuting genes with 9 sgRNAs... 
INFO  @ Wed, 18 Aug 2021 16:30:56:   Permuting genes with 10 sgRNAs... 
INFO  @ Wed, 18 Aug 2021 16:30:56:   Permuting genes with 11 sgRNAs... 
INFO  @ Wed, 18 Aug 2021 16:30:56:   Permuting genes with 12 sgRNAs... 
INFO  @ Wed, 18 Aug 2021 16:30:56:   Permuting genes with 13 sgRNAs... 
INFO  @ Wed, 18 Aug 2021 16:30:56:   Permuting genes with 14 sgRNAs... 
INFO  @ Wed, 18 Aug 2021 16:30:56:   Permuting genes with 15 sgRNAs... 
INFO  @ Wed, 18 Aug 2021 16:30:56:   Permuting genes with 16 sgRNAs... 
INFO  @ Wed, 18 Aug 2021 16:30:56:   Permuting genes with 17 sgRNAs... 
INFO  @ Wed, 18 Aug 2021 16:30:56:   Permuting genes with 18 sgRNAs... 
INFO  @ Wed, 18 Aug 2021 16:30:56:   Permuting genes with 19 sgRNAs... 
INFO  @ Wed, 18 Aug 2021 16:30:56:   Permuting genes with 20 sgRNAs... 
INFO  @ Wed, 18 Aug 2021 16:30:56:   Permuting genes with 21 sgRNAs... 
INFO  @ Wed, 18 Aug 2021 16:30:56:   Permuting genes with 22 sgRNAs... 
INFO  @ Wed, 18 Aug 2021 16:30:56:   Permuting genes with 23 sgRNAs... 
INFO  @ Wed, 18 Aug 2021 16:30:56:   Permuting genes with 24 sgRNAs... 
INFO  @ Wed, 18 Aug 2021 16:30:56:   Permuting genes with 25 sgRNAs... 
INFO  @ Wed, 18 Aug 2021 16:30:56:   Permuting genes with 26 sgRNAs... 
INFO  @ Wed, 18 Aug 2021 16:30:56:   Permuting genes with 27 sgRNAs... 
INFO  @ Wed, 18 Aug 2021 16:30:56:   Permuting genes with 28 sgRNAs... 
INFO  @ Wed, 18 Aug 2021 16:30:56:   Permuting genes with 29 sgRNAs... 
INFO  @ Wed, 18 Aug 2021 16:30:56:   Permuting genes with 30 sgRNAs... 
INFO  @ Wed, 18 Aug 2021 16:30:56:   Permuting genes with 33 sgRNAs... 
INFO  @ Wed, 18 Aug 2021 16:30:56:   Permuting genes with 34 sgRNAs... 
INFO  @ Wed, 18 Aug 2021 16:30:56:   Permuting genes with 36 sgRNAs... 
INFO  @ Wed, 18 Aug 2021 16:30:56:   Permuting genes with 38 sgRNAs... 
INFO  @ Wed, 18 Aug 2021 16:30:56:   Permuting genes with 39 sgRNAs... 
INFO  @ Wed, 18 Aug 2021 16:30:56:   Permuting genes with 40 sgRNAs... 
INFO  @ Wed, 18 Aug 2021 16:30:56:   Permuting genes with 42 sgRNAs... 
INFO  @ Wed, 18 Aug 2021 16:30:56:   Permuting genes with 47 sgRNAs... 
INFO  @ Wed, 18 Aug 2021 16:30:56:   Permuting genes with 49 sgRNAs... 
INFO  @ Wed, 18 Aug 2021 16:30:56:   Permuting genes with 51 sgRNAs... 
INFO  @ Wed, 18 Aug 2021 16:30:56:   Permuting genes with 53 sgRNAs... 
INFO  @ Wed, 18 Aug 2021 16:30:56:   Permuting genes with 69 sgRNAs... 
INFO  @ Wed, 18 Aug 2021 16:30:56:   Permuting genes with 79 sgRNAs... 
INFO  @ Wed, 18 Aug 2021 16:30:56:   Permuting genes with 84 sgRNAs... 
INFO  @ Wed, 18 Aug 2021 16:30:56:   Number of genes under FDR adjustment: 944 
INFO  @ Wed, 18 Aug 2021 16:30:56:   Saving to output file... 
INFO  @ Wed, 18 Aug 2021 16:30:56:   RRA completed. 
INFO  @ Wed, 18 Aug 2021 16:30:56:    
INFO  @ Wed, 18 Aug 2021 16:30:56: End command message. 
INFO  @ Wed, 18 Aug 2021 16:30:56: Running command: RRA -i vpr.phigh.txt -o vpr.gene.high.txt -p 0.009142607174103238 --skip-gene NA --skip-gene na  
INFO  @ Wed, 18 Aug 2021 16:31:01: Command message: 
INFO  @ Wed, 18 Aug 2021 16:31:01:   Welcome to RRA v 0.5.9. 
INFO  @ Wed, 18 Aug 2021 16:31:01:   Skipping gene NA for permutation ... 
INFO  @ Wed, 18 Aug 2021 16:31:01:   Skipping gene na for permutation ... 
INFO  @ Wed, 18 Aug 2021 16:31:01:   Reading input file... 
INFO  @ Wed, 18 Aug 2021 16:31:01:   Summary: 45720 sgRNAs, 944 genes, 1 lists; skipped sgRNAs:0 
INFO  @ Wed, 18 Aug 2021 16:31:01:   Computing lo-values for each group... 
INFO  @ Wed, 18 Aug 2021 16:31:01:   Computing false discovery rate... 
INFO  @ Wed, 18 Aug 2021 16:31:01:   Increase the number of permutations to 106 to get precise p values. To avoid this, use the --permutation option. 
INFO  @ Wed, 18 Aug 2021 16:31:01:   Permuting genes with 1 sgRNAs... 
INFO  @ Wed, 18 Aug 2021 16:31:01:   Permuting genes with 2 sgRNAs... 
INFO  @ Wed, 18 Aug 2021 16:31:01:   Permuting genes with 3 sgRNAs... 
INFO  @ Wed, 18 Aug 2021 16:31:01:   Permuting genes with 4 sgRNAs... 
INFO  @ Wed, 18 Aug 2021 16:31:01:   Permuting genes with 5 sgRNAs... 
INFO  @ Wed, 18 Aug 2021 16:31:01:   Permuting genes with 6 sgRNAs... 
INFO  @ Wed, 18 Aug 2021 16:31:01:   Permuting genes with 7 sgRNAs... 
INFO  @ Wed, 18 Aug 2021 16:31:01:   Permuting genes with 8 sgRNAs... 
INFO  @ Wed, 18 Aug 2021 16:31:01:   Permuting genes with 9 sgRNAs... 
INFO  @ Wed, 18 Aug 2021 16:31:01:   Permuting genes with 10 sgRNAs... 
INFO  @ Wed, 18 Aug 2021 16:31:01:   Permuting genes with 11 sgRNAs... 
INFO  @ Wed, 18 Aug 2021 16:31:01:   Permuting genes with 12 sgRNAs... 
INFO  @ Wed, 18 Aug 2021 16:31:01:   Permuting genes with 13 sgRNAs... 
INFO  @ Wed, 18 Aug 2021 16:31:01:   Permuting genes with 14 sgRNAs... 
INFO  @ Wed, 18 Aug 2021 16:31:01:   Permuting genes with 15 sgRNAs... 
INFO  @ Wed, 18 Aug 2021 16:31:01:   Permuting genes with 16 sgRNAs... 
INFO  @ Wed, 18 Aug 2021 16:31:01:   Permuting genes with 17 sgRNAs... 
INFO  @ Wed, 18 Aug 2021 16:31:01:   Permuting genes with 18 sgRNAs... 
INFO  @ Wed, 18 Aug 2021 16:31:01:   Permuting genes with 19 sgRNAs... 
INFO  @ Wed, 18 Aug 2021 16:31:01:   Permuting genes with 20 sgRNAs... 
INFO  @ Wed, 18 Aug 2021 16:31:01:   Permuting genes with 21 sgRNAs... 
INFO  @ Wed, 18 Aug 2021 16:31:01:   Permuting genes with 22 sgRNAs... 
INFO  @ Wed, 18 Aug 2021 16:31:01:   Permuting genes with 23 sgRNAs... 
INFO  @ Wed, 18 Aug 2021 16:31:01:   Permuting genes with 24 sgRNAs... 
INFO  @ Wed, 18 Aug 2021 16:31:01:   Permuting genes with 25 sgRNAs... 
INFO  @ Wed, 18 Aug 2021 16:31:01:   Permuting genes with 26 sgRNAs... 
INFO  @ Wed, 18 Aug 2021 16:31:01:   Permuting genes with 27 sgRNAs... 
INFO  @ Wed, 18 Aug 2021 16:31:01:   Permuting genes with 28 sgRNAs... 
INFO  @ Wed, 18 Aug 2021 16:31:01:   Permuting genes with 29 sgRNAs... 
INFO  @ Wed, 18 Aug 2021 16:31:01:   Permuting genes with 30 sgRNAs... 
INFO  @ Wed, 18 Aug 2021 16:31:01:   Permuting genes with 33 sgRNAs... 
INFO  @ Wed, 18 Aug 2021 16:31:01:   Permuting genes with 34 sgRNAs... 
INFO  @ Wed, 18 Aug 2021 16:31:01:   Permuting genes with 36 sgRNAs... 
INFO  @ Wed, 18 Aug 2021 16:31:01:   Permuting genes with 38 sgRNAs... 
INFO  @ Wed, 18 Aug 2021 16:31:01:   Permuting genes with 39 sgRNAs... 
INFO  @ Wed, 18 Aug 2021 16:31:01:   Permuting genes with 40 sgRNAs... 
INFO  @ Wed, 18 Aug 2021 16:31:01:   Permuting genes with 42 sgRNAs... 
INFO  @ Wed, 18 Aug 2021 16:31:01:   Permuting genes with 47 sgRNAs... 
INFO  @ Wed, 18 Aug 2021 16:31:01:   Permuting genes with 49 sgRNAs... 
INFO  @ Wed, 18 Aug 2021 16:31:01:   Permuting genes with 51 sgRNAs... 
INFO  @ Wed, 18 Aug 2021 16:31:01:   Permuting genes with 53 sgRNAs... 
INFO  @ Wed, 18 Aug 2021 16:31:01:   Permuting genes with 69 sgRNAs... 
INFO  @ Wed, 18 Aug 2021 16:31:01:   Permuting genes with 79 sgRNAs... 
INFO  @ Wed, 18 Aug 2021 16:31:01:   Permuting genes with 84 sgRNAs... 
INFO  @ Wed, 18 Aug 2021 16:31:01:   Number of genes under FDR adjustment: 944 
INFO  @ Wed, 18 Aug 2021 16:31:01:   Saving to output file... 
INFO  @ Wed, 18 Aug 2021 16:31:01:   RRA completed. 
INFO  @ Wed, 18 Aug 2021 16:31:01:    
INFO  @ Wed, 18 Aug 2021 16:31:01: End command message. 
DEBUG @ Wed, 18 Aug 2021 16:31:01: Sorting the merged items by negative selection... 
INFO  @ Wed, 18 Aug 2021 16:31:01: Loading top 10 genes from vpr.gene.low.txt: Region_494,Region_530,Region_490,Region_537,Region_161,Region_181,Region_557,Region_562,Region_738,Region_669 
DEBUG @ Wed, 18 Aug 2021 16:31:01: Column index:3 
INFO  @ Wed, 18 Aug 2021 16:31:02: Loading top 10 genes from vpr.gene.high.txt: Region_179,Region_3,Region_789,Region_301,Region_416,NA,Region_72,Region_298,Region_692,Region_753 
DEBUG @ Wed, 18 Aug 2021 16:31:02: Column index:9 
INFO  @ Wed, 18 Aug 2021 16:31:22: Running command: rm vpr.plow.txt 
INFO  @ Wed, 18 Aug 2021 16:31:22: Running command: rm vpr.phigh.txt 
INFO  @ Wed, 18 Aug 2021 16:31:22: Running command: rm vpr.gene.low.txt 
INFO  @ Wed, 18 Aug 2021 16:31:22: Running command: rm vpr.gene.high.txt 
